<?xml version="1.0" encoding="UTF-8"?>
<!-- Generated by org.testng.reporters.JUnitReportReporter -->
<testsuite hostname="DESKTOP-RCDLJBO" failures="0" tests="4" name="Annotations.AnnotationsBeforeAfterClass" time="0.013" errors="0" timestamp="2024-09-23T17:26:50 IST" skipped="0">
  <testcase classname="Annotations.AnnotationsBeforeAfterClass" name="testcase1" time="0.008"/>
  <testcase classname="Annotations.AnnotationsBeforeAfterClass" name="testcase2" time="0.003"/>
  <testcase classname="Annotations.AnnotationsBeforeAfterClass" name="testcase3" time="0.001"/>
  <testcase classname="Annotations.AnnotationsBeforeAfterClass" name="testcase4" time="0.001"/>
</testsuite> <!-- Annotations.AnnotationsBeforeAfterClass -->
