<?xml version="1.0" encoding="UTF-8"?>
<!-- Generated by org.testng.reporters.JUnitReportReporter -->
<testsuite hostname="DESKTOP-RCDLJBO" failures="0" tests="8" name="Annotations.AnnotationDemoSuite2" time="0.027" errors="0" timestamp="2024-09-23T18:21:01 IST" skipped="0">
  <testcase classname="Annotations.AnnotationDemoSuite2" name="testcase6" time="0.007"/>
  <testcase classname="Annotations.AnnotationDemoSuite2" name="testcase7" time="0.002"/>
  <testcase classname="Annotations.AnnotationDemoSuite2" name="testcase5" time="0.001"/>
  <testcase classname="Annotations.AnnotationDemoSuite2" name="testcase6" time="0.003"/>
  <testcase classname="Annotations.AnnotationDemoSuite2" name="testcase8" time="0.002"/>
  <testcase classname="Annotations.AnnotationDemoSuite2" name="testcase5" time="0.002"/>
  <testcase classname="Annotations.AnnotationDemoSuite2" name="testcase7" time="0.006"/>
  <testcase classname="Annotations.AnnotationDemoSuite2" name="testcase8" time="0.004"/>
</testsuite> <!-- Annotations.AnnotationDemoSuite2 -->
