<?xml version="1.0" encoding="UTF-8"?>
<!-- Generated by org.testng.reporters.JUnitReportReporter -->
<testsuite hostname="DESKTOP-RCDLJBO" failures="0" tests="4" name="Annotations.Annotations1" time="0.032" errors="0" timestamp="2024-09-23T17:21:36 IST" skipped="0">
  <testcase classname="Annotations.Annotations1" name="testcase1" time="0.016"/>
  <testcase classname="Annotations.Annotations1" name="testcase3" time="0.005"/>
  <testcase classname="Annotations.Annotations1" name="testcase2" time="0.008"/>
  <testcase classname="Annotations.Annotations1" name="testcase4" time="0.003"/>
</testsuite> <!-- Annotations.Annotations1 -->
