<?xml version="1.0" encoding="UTF-8"?>
<!-- Generated by org.testng.reporters.JUnitReportReporter -->
<testsuite hostname="DESKTOP-RCDLJBO" failures="0" tests="3" name="Annotations.AnnotationDataProviderTask" time="18.476" errors="0" timestamp="2024-09-24T21:41:01 IST" skipped="0">
  <testcase classname="Annotations.AnnotationDataProviderTask" name="valid_Invalid_Data1" time="7.772"/>
  <testcase classname="Annotations.AnnotationDataProviderTask" name="valid_Invalid_Data1" time="6.716"/>
  <testcase classname="Annotations.AnnotationDataProviderTask" name="valid_Invalid_Data1" time="3.988"/>
</testsuite> <!-- Annotations.AnnotationDataProviderTask -->
