<?xml version="1.0" encoding="UTF-8"?>
<!-- Generated by org.testng.reporters.JUnitReportReporter -->
<testsuite hostname="DESKTOP-RCDLJBO" failures="0" tests="6" name="ProblemStatement.ProblemStatement1" time="0.027" errors="0" timestamp="2024-09-23T17:17:55 IST" skipped="0">
  <testcase classname="ProblemStatement.ProblemStatement1" name="m2" time="0.007"/>
  <testcase classname="ProblemStatement.ProblemStatement1" name="display" time="0.002"/>
  <testcase classname="ProblemStatement.ProblemStatement1" name="m3" time="0.004"/>
  <testcase classname="ProblemStatement.ProblemStatement1" name="show" time="0.002"/>
  <testcase classname="ProblemStatement.ProblemStatement1" name="m4" time="0.004"/>
  <testcase classname="ProblemStatement.ProblemStatement1" name="m1" time="0.008"/>
</testsuite> <!-- ProblemStatement.ProblemStatement1 -->
