<?xml version="1.0" encoding="UTF-8"?>
<!-- Generated by org.testng.reporters.JUnitReportReporter -->
<testsuite hostname="DESKTOP-RCDLJBO" failures="0" tests="1" name="ReadTheDataFromExcel.DataFromExcel" time="1.447" errors="0" timestamp="2024-10-01T17:48:58 IST" skipped="0">
  <testcase classname="ReadTheDataFromExcel.DataFromExcel" name="data" time="1.447"/>
</testsuite> <!-- ReadTheDataFromExcel.DataFromExcel -->
