<?xml version="1.0" encoding="UTF-8"?>
<!-- Generated by org.testng.reporters.JUnitReportReporter -->
<testsuite hostname="DESKTOP-RCDLJBO" failures="0" tests="4" name="Annotations.AnnotationDemoTest1" time="0.026" errors="0" timestamp="2024-09-23T18:19:18 IST" skipped="0">
  <testcase classname="Annotations.AnnotationDemoTest1" name="testcase2" time="0.012"/>
  <testcase classname="Annotations.AnnotationDemoTest1" name="testcase3" time="0.002"/>
  <testcase classname="Annotations.AnnotationDemoTest1" name="testcase1" time="0.008"/>
  <testcase classname="Annotations.AnnotationDemoTest1" name="testcase4" time="0.004"/>
</testsuite> <!-- Annotations.AnnotationDemoTest1 -->
