<?xml version="1.0" encoding="UTF-8"?>
<!-- Generated by org.testng.reporters.JUnitReportReporter -->
<testsuite hostname="DESKTOP-RCDLJBO" failures="0" tests="8" name="Annotations.AnnotationDemoSuite1" time="0.032" errors="0" timestamp="2024-09-23T18:21:01 IST" skipped="0">
  <testcase classname="Annotations.AnnotationDemoSuite1" name="testcase3" time="0.002"/>
  <testcase classname="Annotations.AnnotationDemoSuite1" name="testcase3" time="0.003"/>
  <testcase classname="Annotations.AnnotationDemoSuite1" name="testcase2" time="0.002"/>
  <testcase classname="Annotations.AnnotationDemoSuite1" name="testcase4" time="0.002"/>
  <testcase classname="Annotations.AnnotationDemoSuite1" name="testcase1" time="0.001"/>
  <testcase classname="Annotations.AnnotationDemoSuite1" name="testcase1" time="0.014"/>
  <testcase classname="Annotations.AnnotationDemoSuite1" name="testcase2" time="0.006"/>
  <testcase classname="Annotations.AnnotationDemoSuite1" name="testcase4" time="0.002"/>
</testsuite> <!-- Annotations.AnnotationDemoSuite1 -->
